<?xml version="1.0" encoding="UTF-8"?>
<!-- Generated by org.testng.reporters.JUnitReportReporter -->
<testsuite skipped="0" hostname="C02PQD8JG8WP" name="com.mycom.git.testAPI" tests="6" failures="0" timestamp="11 Sep 2018 10:49:33 GMT" time="12.023" errors="0">
  <testcase name="f" time="0.004" classname="com.mycom.git.testAPI"/>
  <testcase name="testPost" time="1.815" classname="com.mycom.git.testAPI"/>
  <testcase name="firstf" time="0.001" classname="com.mycom.git.testAPI"/>
  <testcase name="secondf" time="2.836" classname="com.mycom.git.testAPI"/>
  <testcase name="getBodyAndHeadTest" time="7.366" classname="com.mycom.git.testAPI"/>
  <testcase name="f" time="0.001" classname="com.mycom.git.testAPI"/>
</testsuite> <!-- com.mycom.git.testAPI -->
