<?xml version="1.0" encoding="UTF-8"?>
<!-- Generated by org.testng.reporters.JUnitReportReporter -->
<testsuite skipped="0" hostname="C02PQD8JG8WP" name="com.mycom.git.testRestApi" tests="6" failures="0" timestamp="11 Sep 2018 11:25:35 GMT" time="8.911" errors="0">
  <testcase name="f" time="0.004" classname="com.mycom.git.testRestApi"/>
  <testcase name="testPost" time="1.052" classname="com.mycom.git.testRestApi"/>
  <testcase name="firstf" time="0.001" classname="com.mycom.git.testRestApi"/>
  <testcase name="secondf" time="1.703" classname="com.mycom.git.testRestApi"/>
  <testcase name="getBodyAndHeadTest" time="6.150" classname="com.mycom.git.testRestApi"/>
  <testcase name="f" time="0.001" classname="com.mycom.git.testRestApi"/>
</testsuite> <!-- com.mycom.git.testRestApi -->
