<?xml version="1.0" encoding="UTF-8"?>
<!-- Generated by org.testng.reporters.JUnitReportReporter -->
<testsuite skipped="0" hostname="C02PQD8JG8WP" name="com.mycom.git.testRestApi" tests="6" failures="0" timestamp="11 Sep 2018 12:41:20 GMT" time="5.193" errors="0">
  <testcase name="testPost" time="1.115" classname="com.mycom.git.testRestApi"/>
  <testcase name="f" time="0.000" classname="com.mycom.git.testRestApi"/>
  <testcase name="getBodyAndHeadTest" time="2.915" classname="com.mycom.git.testRestApi"/>
  <testcase name="secondf" time="1.162" classname="com.mycom.git.testRestApi"/>
  <testcase name="f" time="0.000" classname="com.mycom.git.testRestApi"/>
  <testcase name="firstf" time="0.001" classname="com.mycom.git.testRestApi"/>
</testsuite> <!-- com.mycom.git.testRestApi -->
